===================================================
  Assignement Three Part I
  Colburn, Jarrod 
 2016-02-09 16:28:54
===================================================


----------------------------------------------------------------------
P1: Give the command to get the number of lines in databook.txt
----------------------------------------------------------------------
wc -l databook.txt
33 databook.txt

----------------------------------------------------------------------
P2: Give the command to remove duplicate lines in databook.txt and save the new file as input.txt
----------------------------------------------------------------------
uniq databook.txt > input.txt

 Content of current directory /home/CS/jcc0032/cs390/hw3:
Colburn_Jarrod.out
databook.txt
grep.sh
input.txt
sed.sh

content of input.txt:
Steve Blenheim:238-923-7366:95 Latham Lane, Easton, PA 83755:11/12/56:20300
Betty Boop:245-836-8357:635 Cutesy Lane, Hollywood, CA 91464:6/23/23:14500
Igor Chevsky:385-375-8395:3567 Populus Place, Caldwell, NJ 23875:6/18/68:23400
Norma Corder:397-857-2735:74 Pine Street, Dearborn, MI 23874:3/28/45:245700
Jennifer Cowan:548-834-2348:583 Laurel Ave., Kingsville, TX 83745:10/1/35:58900
Jon DeLoach:408-253-3122:123 Park St., San Jose, CA 04086:7/25/53:85100
Karen Evich:284-758-2857:23 Edgecliff Place, Lincoln, NB 92743:7/25/53:85100
Karen Evich:284-758-2867:23 Edgecliff Place, Lincoln, NB 92743:11/3/35:58200
Fred Fardbarkle:674-843-1385:20 Parak Lane, Duluth, MN 23850:4/12/23:780900
Lori Gortz:327-832-5728:3465 Mirlo Street, Peabody, MA 34756:10/2/65:35200
Paco Gutierrez:835-365-1284:454 Easy Street, Decatur, IL 75732:2/28/53:123500
Ephram Hardy:293-259-5395:235 CarltonLane, Joliet, IL 73858:8/12/20:56700
James Ikeda:834-938-8376:23445 Aster Ave., Allentown, NJ 83745:12/1/38:45000
Barbara Kertz:385-573-8326:832 Ponce Drive, Gary, IN 83756:12/1/46:268500
Lesley Kirstin:408-456-1234:4 Harvard Square, Boston, MA 02133:4/22/62:52600
William Kopf:846-836-2837:6937 Ware Road, Milton, PA 93756:9/21/46:43500
Sir Lancelot:837-835-8257:474 Camelot Boulevard, Bath, WY 28356:5/13/69:24500
Jesse Neal:408-233-8971:45 Rose Terrace, San Francisco, CA 92303:2/3/36:25000
Zippy Pinhead:834-823-8319:2356 Bizarro Ave., Farmount, IL 84357:1/1/67:89500
Arthur Putie:923-835-8745:23 Wimp Lane, Kensington, DL 38758:8/31/69:126000
Popeye Sailor:156-454-3322:945 Bluto Street, Anywhere, USA 29358:3/19/35:22350
Jose Santiago:385-898-8357:38 Fife Way, Abilene, TX 39673:1/5/58:95600
Tommy Savage:408-724-0140:1222 Oxbow Court, Sunnyvale, CA 94087:5/19/66:34200
Yukio Takeshida:387-827-1095:13 Uno Lane, Ashville, NC 23556:7/1/29:57000
Vinh Tranh:438-910-7449:8235 Maple Street, Wilmington, VM 29085:9/23/63:68900
STEVEN


----------------------------------------------------------------------
P3: Give the command to show the changes in input.txt from databook.txt 
----------------------------------------------------------------------

diff input.txt databook.txt
8a9,10
> Karen Evich:284-758-2867:23 Edgecliff Place, Lincoln, NB 92743:11/3/35:58200
> Fred Fardbarkle:674-843-1385:20 Parak Lane, Duluth, MN 23850:4/12/23:780900
26a29,32
> 
> 
> 
> 
Q1: Print all lines containing the string San
----------------------------------------------------------------------
grep "San" input.txt
Jon DeLoach:408-253-3122:123 Park St., San Jose, CA 04086:7/25/53:85100
Jesse Neal:408-233-8971:45 Rose Terrace, San Francisco, CA 92303:2/3/36:25000
Jose Santiago:385-898-8357:38 Fife Way, Abilene, TX 39673:1/5/58:95600

----------------------------------------------------------------------
Q2:Print all lines where the person's first name starts with J 
----------------------------------------------------------------------
Jennifer Cowan:548-834-2348:583 Laurel Ave., Kingsville, TX 83745:10/1/35:58900
Jon DeLoach:408-253-3122:123 Park St., San Jose, CA 04086:7/25/53:85100
James Ikeda:834-938-8376:23445 Aster Ave., Allentown, NJ 83745:12/1/38:45000
Jesse Neal:408-233-8971:45 Rose Terrace, San Francisco, CA 92303:2/3/36:25000
Jose Santiago:385-898-8357:38 Fife Way, Abilene, TX 39673:1/5/58:95600

----------------------------------------------------------------------
Q3: Print all lines ending with 700
----------------------------------------------------------------------
grep "700$" input.txt
Norma Corder:397-857-2735:74 Pine Street, Dearborn, MI 23874:3/28/45:245700
Ephram Hardy:293-259-5395:235 CarltonLane, Joliet, IL 73858:8/12/20:56700

----------------------------------------------------------------------
Q4: Print all lines that don't contain 834 
----------------------------------------------------------------------
grep -v "834" input.txt
Steve Blenheim:238-923-7366:95 Latham Lane, Easton, PA 83755:11/12/56:20300
Betty Boop:245-836-8357:635 Cutesy Lane, Hollywood, CA 91464:6/23/23:14500
Igor Chevsky:385-375-8395:3567 Populus Place, Caldwell, NJ 23875:6/18/68:23400
Norma Corder:397-857-2735:74 Pine Street, Dearborn, MI 23874:3/28/45:245700
Jon DeLoach:408-253-3122:123 Park St., San Jose, CA 04086:7/25/53:85100
Karen Evich:284-758-2857:23 Edgecliff Place, Lincoln, NB 92743:7/25/53:85100
Karen Evich:284-758-2867:23 Edgecliff Place, Lincoln, NB 92743:11/3/35:58200
Fred Fardbarkle:674-843-1385:20 Parak Lane, Duluth, MN 23850:4/12/23:780900
Lori Gortz:327-832-5728:3465 Mirlo Street, Peabody, MA 34756:10/2/65:35200
Paco Gutierrez:835-365-1284:454 Easy Street, Decatur, IL 75732:2/28/53:123500
Ephram Hardy:293-259-5395:235 CarltonLane, Joliet, IL 73858:8/12/20:56700
Barbara Kertz:385-573-8326:832 Ponce Drive, Gary, IN 83756:12/1/46:268500
Lesley Kirstin:408-456-1234:4 Harvard Square, Boston, MA 02133:4/22/62:52600
William Kopf:846-836-2837:6937 Ware Road, Milton, PA 93756:9/21/46:43500
Sir Lancelot:837-835-8257:474 Camelot Boulevard, Bath, WY 28356:5/13/69:24500
Jesse Neal:408-233-8971:45 Rose Terrace, San Francisco, CA 92303:2/3/36:25000
Arthur Putie:923-835-8745:23 Wimp Lane, Kensington, DL 38758:8/31/69:126000
Popeye Sailor:156-454-3322:945 Bluto Street, Anywhere, USA 29358:3/19/35:22350
Jose Santiago:385-898-8357:38 Fife Way, Abilene, TX 39673:1/5/58:95600
Tommy Savage:408-724-0140:1222 Oxbow Court, Sunnyvale, CA 94087:5/19/66:34200
Yukio Takeshida:387-827-1095:13 Uno Lane, Ashville, NC 23556:7/1/29:57000
Vinh Tranh:438-910-7449:8235 Maple Street, Wilmington, VM 29085:9/23/63:68900
STEVEN


----------------------------------------------------------------------
Q5: Print all lines where birthdays are in Janurary
----------------------------------------------------------------------
grep ":1/[0-9][0-9]*/[0-9][0-9]" input.txt
Zippy Pinhead:834-823-8319:2356 Bizarro Ave., Farmount, IL 84357:1/1/67:89500
Jose Santiago:385-898-8357:38 Fife Way, Abilene, TX 39673:1/5/58:95600

----------------------------------------------------------------------
Q6: Print all lines where the phone number is in the 408 area code
----------------------------------------------------------------------
grep ":408-[0-9]\{3\}-[0-9]\{4\}" input.txt
Jon DeLoach:408-253-3122:123 Park St., San Jose, CA 04086:7/25/53:85100
Lesley Kirstin:408-456-1234:4 Harvard Square, Boston, MA 02133:4/22/62:52600
Jesse Neal:408-233-8971:45 Rose Terrace, San Francisco, CA 92303:2/3/36:25000
Tommy Savage:408-724-0140:1222 Oxbow Court, Sunnyvale, CA 94087:5/19/66:34200

----------------------------------------------------------------------
Q7: Print all lines containing an uppercase letter, followed by FOUR lowercase letters, a comma, a space, and one uppercase letter
----------------------------------------------------------------------
grep "[A-Z][a-z]\{4\}, [A-Z]" input.txt
Igor Chevsky:385-375-8395:3567 Populus Place, Caldwell, NJ 23875:6/18/68:23400
Karen Evich:284-758-2857:23 Edgecliff Place, Lincoln, NB 92743:7/25/53:85100
Karen Evich:284-758-2867:23 Edgecliff Place, Lincoln, NB 92743:11/3/35:58200
Barbara Kertz:385-573-8326:832 Ponce Drive, Gary, IN 83756:12/1/46:268500
Tommy Savage:408-724-0140:1222 Oxbow Court, Sunnyvale, CA 94087:5/19/66:34200

----------------------------------------------------------------------
Q8: Print lines where the last name begins from A to E 
----------------------------------------------------------------------
grep "^[A-Z][a-zA-Z]* [A-E]" input.txt
Steve Blenheim:238-923-7366:95 Latham Lane, Easton, PA 83755:11/12/56:20300
Betty Boop:245-836-8357:635 Cutesy Lane, Hollywood, CA 91464:6/23/23:14500
Igor Chevsky:385-375-8395:3567 Populus Place, Caldwell, NJ 23875:6/18/68:23400
Norma Corder:397-857-2735:74 Pine Street, Dearborn, MI 23874:3/28/45:245700
Jennifer Cowan:548-834-2348:583 Laurel Ave., Kingsville, TX 83745:10/1/35:58900
Jon DeLoach:408-253-3122:123 Park St., San Jose, CA 04086:7/25/53:85100
Karen Evich:284-758-2857:23 Edgecliff Place, Lincoln, NB 92743:7/25/53:85100
Karen Evich:284-758-2867:23 Edgecliff Place, Lincoln, NB 92743:11/3/35:58200

----------------------------------------------------------------------
Q9: Print all lines preceded by a line number where the the salary is a six-figure number
----------------------------------------------------------------------
grep "[0-9]\{6\}$" input.txt
Norma Corder:397-857-2735:74 Pine Street, Dearborn, MI 23874:3/28/45:245700
Fred Fardbarkle:674-843-1385:20 Parak Lane, Duluth, MN 23850:4/12/23:780900
Paco Gutierrez:835-365-1284:454 Easy Street, Decatur, IL 75732:2/28/53:123500
Barbara Kertz:385-573-8326:832 Ponce Drive, Gary, IN 83756:12/1/46:268500
Arthur Putie:923-835-8745:23 Wimp Lane, Kensington, DL 38758:8/31/69:126000

----------------------------------------------------------------------
Q10: How many employees are from California? 
Give the command:
----------------------------------------------------------------------
grep -c " CA " input.txt
4
uid=30296(jcc0032) gid=10513(csuser) groups=10513(csuser),10068(BUILTIN\users),20498(debugger users)
Linux hawker 3.13.0-62-generic #102-Ubuntu SMP Tue Aug 11 14:29:36 UTC 2015 x86_64 x86_64 x86_64 GNU/Linux
===================================================
  Assignement Three Part II
  Colburn, Jarrod 
 2016-02-09 16:31:17
===================================================

----------------------------------------------------------------------
Q1: Change the name Jon to Jonathan
----------------------------------------------------------------------
sed 's/Jon/Jonathon/' input.txt

----------------------------------------------------------------------
Q2: Delete the first three lines
----------------------------------------------------------------------
Norma Corder:397-857-2735:74 Pine Street, Dearborn, MI 23874:3/28/45:245700
Jennifer Cowan:548-834-2348:583 Laurel Ave., Kingsville, TX 83745:10/1/35:58900
Jon DeLoach:408-253-3122:123 Park St., San Jose, CA 04086:7/25/53:85100
Karen Evich:284-758-2857:23 Edgecliff Place, Lincoln, NB 92743:7/25/53:85100
Karen Evich:284-758-2867:23 Edgecliff Place, Lincoln, NB 92743:11/3/35:58200
Fred Fardbarkle:674-843-1385:20 Parak Lane, Duluth, MN 23850:4/12/23:780900
Lori Gortz:327-832-5728:3465 Mirlo Street, Peabody, MA 34756:10/2/65:35200
Paco Gutierrez:835-365-1284:454 Easy Street, Decatur, IL 75732:2/28/53:123500
Ephram Hardy:293-259-5395:235 CarltonLane, Joliet, IL 73858:8/12/20:56700
James Ikeda:834-938-8376:23445 Aster Ave., Allentown, NJ 83745:12/1/38:45000
Barbara Kertz:385-573-8326:832 Ponce Drive, Gary, IN 83756:12/1/46:268500
Lesley Kirstin:408-456-1234:4 Harvard Square, Boston, MA 02133:4/22/62:52600
William Kopf:846-836-2837:6937 Ware Road, Milton, PA 93756:9/21/46:43500
Sir Lancelot:837-835-8257:474 Camelot Boulevard, Bath, WY 28356:5/13/69:24500
Jesse Neal:408-233-8971:45 Rose Terrace, San Francisco, CA 92303:2/3/36:25000
Zippy Pinhead:834-823-8319:2356 Bizarro Ave., Farmount, IL 84357:1/1/67:89500
Arthur Putie:923-835-8745:23 Wimp Lane, Kensington, DL 38758:8/31/69:126000
Popeye Sailor:156-454-3322:945 Bluto Street, Anywhere, USA 29358:3/19/35:22350
Jose Santiago:385-898-8357:38 Fife Way, Abilene, TX 39673:1/5/58:95600
Tommy Savage:408-724-0140:1222 Oxbow Court, Sunnyvale, CA 94087:5/19/66:34200
Yukio Takeshida:387-827-1095:13 Uno Lane, Ashville, NC 23556:7/1/29:57000
Vinh Tranh:438-910-7449:8235 Maple Street, Wilmington, VM 29085:9/23/63:68900
STEVEN


----------------------------------------------------------------------
Q3: Print lines 5 to 10
----------------------------------------------------------------------
sed -n '5,10p' input.txt
Jennifer Cowan:548-834-2348:583 Laurel Ave., Kingsville, TX 83745:10/1/35:58900
Jon DeLoach:408-253-3122:123 Park St., San Jose, CA 04086:7/25/53:85100
Karen Evich:284-758-2857:23 Edgecliff Place, Lincoln, NB 92743:7/25/53:85100
Karen Evich:284-758-2867:23 Edgecliff Place, Lincoln, NB 92743:11/3/35:58200
Fred Fardbarkle:674-843-1385:20 Parak Lane, Duluth, MN 23850:4/12/23:780900
Lori Gortz:327-832-5728:3465 Mirlo Street, Peabody, MA 34756:10/2/65:35200

----------------------------------------------------------------------
Q4: Delete lines containing Lane
----------------------------------------------------------------------
sed '/Lane/d' input.txt
Igor Chevsky:385-375-8395:3567 Populus Place, Caldwell, NJ 23875:6/18/68:23400
Norma Corder:397-857-2735:74 Pine Street, Dearborn, MI 23874:3/28/45:245700
Jennifer Cowan:548-834-2348:583 Laurel Ave., Kingsville, TX 83745:10/1/35:58900
Jon DeLoach:408-253-3122:123 Park St., San Jose, CA 04086:7/25/53:85100
Karen Evich:284-758-2857:23 Edgecliff Place, Lincoln, NB 92743:7/25/53:85100
Karen Evich:284-758-2867:23 Edgecliff Place, Lincoln, NB 92743:11/3/35:58200
Lori Gortz:327-832-5728:3465 Mirlo Street, Peabody, MA 34756:10/2/65:35200
Paco Gutierrez:835-365-1284:454 Easy Street, Decatur, IL 75732:2/28/53:123500
James Ikeda:834-938-8376:23445 Aster Ave., Allentown, NJ 83745:12/1/38:45000
Barbara Kertz:385-573-8326:832 Ponce Drive, Gary, IN 83756:12/1/46:268500
Lesley Kirstin:408-456-1234:4 Harvard Square, Boston, MA 02133:4/22/62:52600
William Kopf:846-836-2837:6937 Ware Road, Milton, PA 93756:9/21/46:43500
Sir Lancelot:837-835-8257:474 Camelot Boulevard, Bath, WY 28356:5/13/69:24500
Jesse Neal:408-233-8971:45 Rose Terrace, San Francisco, CA 92303:2/3/36:25000
Zippy Pinhead:834-823-8319:2356 Bizarro Ave., Farmount, IL 84357:1/1/67:89500
Popeye Sailor:156-454-3322:945 Bluto Street, Anywhere, USA 29358:3/19/35:22350
Jose Santiago:385-898-8357:38 Fife Way, Abilene, TX 39673:1/5/58:95600
Tommy Savage:408-724-0140:1222 Oxbow Court, Sunnyvale, CA 94087:5/19/66:34200
Vinh Tranh:438-910-7449:8235 Maple Street, Wilmington, VM 29085:9/23/63:68900
STEVEN


----------------------------------------------------------------------
Q5: Print all lines where the birthdays are in Nov and Dec
----------------------------------------------------------------------
sed -n '/:1[1-2]\/[0-9]*/p' input.txt
Steve Blenheim:238-923-7366:95 Latham Lane, Easton, PA 83755:11/12/56:20300
Karen Evich:284-758-2867:23 Edgecliff Place, Lincoln, NB 92743:11/3/35:58200
James Ikeda:834-938-8376:23445 Aster Ave., Allentown, NJ 83745:12/1/38:45000
Barbara Kertz:385-573-8326:832 Ponce Drive, Gary, IN 83756:12/1/46:268500

----------------------------------------------------------------------
Q6: Append three asterisks to the end of lines starting with Fred
----------------------------------------------------------------------
sed '/^Fred/s/$/***/g' input.txt
Steve Blenheim:238-923-7366:95 Latham Lane, Easton, PA 83755:11/12/56:20300
Betty Boop:245-836-8357:635 Cutesy Lane, Hollywood, CA 91464:6/23/23:14500
Igor Chevsky:385-375-8395:3567 Populus Place, Caldwell, NJ 23875:6/18/68:23400
Norma Corder:397-857-2735:74 Pine Street, Dearborn, MI 23874:3/28/45:245700
Jennifer Cowan:548-834-2348:583 Laurel Ave., Kingsville, TX 83745:10/1/35:58900
Jon DeLoach:408-253-3122:123 Park St., San Jose, CA 04086:7/25/53:85100
Karen Evich:284-758-2857:23 Edgecliff Place, Lincoln, NB 92743:7/25/53:85100
Karen Evich:284-758-2867:23 Edgecliff Place, Lincoln, NB 92743:11/3/35:58200
Fred Fardbarkle:674-843-1385:20 Parak Lane, Duluth, MN 23850:4/12/23:780900***
Lori Gortz:327-832-5728:3465 Mirlo Street, Peabody, MA 34756:10/2/65:35200
Paco Gutierrez:835-365-1284:454 Easy Street, Decatur, IL 75732:2/28/53:123500
Ephram Hardy:293-259-5395:235 CarltonLane, Joliet, IL 73858:8/12/20:56700
James Ikeda:834-938-8376:23445 Aster Ave., Allentown, NJ 83745:12/1/38:45000
Barbara Kertz:385-573-8326:832 Ponce Drive, Gary, IN 83756:12/1/46:268500
Lesley Kirstin:408-456-1234:4 Harvard Square, Boston, MA 02133:4/22/62:52600
William Kopf:846-836-2837:6937 Ware Road, Milton, PA 93756:9/21/46:43500
Sir Lancelot:837-835-8257:474 Camelot Boulevard, Bath, WY 28356:5/13/69:24500
Jesse Neal:408-233-8971:45 Rose Terrace, San Francisco, CA 92303:2/3/36:25000
Zippy Pinhead:834-823-8319:2356 Bizarro Ave., Farmount, IL 84357:1/1/67:89500
Arthur Putie:923-835-8745:23 Wimp Lane, Kensington, DL 38758:8/31/69:126000
Popeye Sailor:156-454-3322:945 Bluto Street, Anywhere, USA 29358:3/19/35:22350
Jose Santiago:385-898-8357:38 Fife Way, Abilene, TX 39673:1/5/58:95600
Tommy Savage:408-724-0140:1222 Oxbow Court, Sunnyvale, CA 94087:5/19/66:34200
Yukio Takeshida:387-827-1095:13 Uno Lane, Ashville, NC 23556:7/1/29:57000
Vinh Tranh:438-910-7449:8235 Maple Street, Wilmington, VM 29085:9/23/63:68900
STEVEN


----------------------------------------------------------------------
Q7: Replace the line containing Jose with JOSE HAS RETIRED. (Do not apply this to address)
----------------------------------------------------------------------
sed '/Jose/c JOSE HAS RETIRED' input.txt
Steve Blenheim:238-923-7366:95 Latham Lane, Easton, PA 83755:11/12/56:20300
Betty Boop:245-836-8357:635 Cutesy Lane, Hollywood, CA 91464:6/23/23:14500
Igor Chevsky:385-375-8395:3567 Populus Place, Caldwell, NJ 23875:6/18/68:23400
Norma Corder:397-857-2735:74 Pine Street, Dearborn, MI 23874:3/28/45:245700
Jennifer Cowan:548-834-2348:583 Laurel Ave., Kingsville, TX 83745:10/1/35:58900
JOSE HAS RETIRED
Karen Evich:284-758-2857:23 Edgecliff Place, Lincoln, NB 92743:7/25/53:85100
Karen Evich:284-758-2867:23 Edgecliff Place, Lincoln, NB 92743:11/3/35:58200
Fred Fardbarkle:674-843-1385:20 Parak Lane, Duluth, MN 23850:4/12/23:780900
Lori Gortz:327-832-5728:3465 Mirlo Street, Peabody, MA 34756:10/2/65:35200
Paco Gutierrez:835-365-1284:454 Easy Street, Decatur, IL 75732:2/28/53:123500
Ephram Hardy:293-259-5395:235 CarltonLane, Joliet, IL 73858:8/12/20:56700
James Ikeda:834-938-8376:23445 Aster Ave., Allentown, NJ 83745:12/1/38:45000
Barbara Kertz:385-573-8326:832 Ponce Drive, Gary, IN 83756:12/1/46:268500
Lesley Kirstin:408-456-1234:4 Harvard Square, Boston, MA 02133:4/22/62:52600
William Kopf:846-836-2837:6937 Ware Road, Milton, PA 93756:9/21/46:43500
Sir Lancelot:837-835-8257:474 Camelot Boulevard, Bath, WY 28356:5/13/69:24500
Jesse Neal:408-233-8971:45 Rose Terrace, San Francisco, CA 92303:2/3/36:25000
Zippy Pinhead:834-823-8319:2356 Bizarro Ave., Farmount, IL 84357:1/1/67:89500
Arthur Putie:923-835-8745:23 Wimp Lane, Kensington, DL 38758:8/31/69:126000
Popeye Sailor:156-454-3322:945 Bluto Street, Anywhere, USA 29358:3/19/35:22350
JOSE HAS RETIRED
Tommy Savage:408-724-0140:1222 Oxbow Court, Sunnyvale, CA 94087:5/19/66:34200
Yukio Takeshida:387-827-1095:13 Uno Lane, Ashville, NC 23556:7/1/29:57000
Vinh Tranh:438-910-7449:8235 Maple Street, Wilmington, VM 29085:9/23/63:68900
STEVEN


----------------------------------------------------------------------
Q8: Change Popeye’s birthday to 11/14/46.  Assume you don’t know Popeye’s original birthday.  Use a regular expression to search for it.
----------------------------------------------------------------------


----------------------------------------------------------------------
Q9: Delete all blank lines (empty or contain spaces only)
----------------------------------------------------------------------
sed '/Popeye/s/:[0-9]*\/[0-9]*\/[0-9][0-9]/:11\/14\/46/' input.txtsed '/^ *$/d' input.txt
Steve Blenheim:238-923-7366:95 Latham Lane, Easton, PA 83755:11/12/56:20300
Betty Boop:245-836-8357:635 Cutesy Lane, Hollywood, CA 91464:6/23/23:14500
Igor Chevsky:385-375-8395:3567 Populus Place, Caldwell, NJ 23875:6/18/68:23400
Norma Corder:397-857-2735:74 Pine Street, Dearborn, MI 23874:3/28/45:245700
Jennifer Cowan:548-834-2348:583 Laurel Ave., Kingsville, TX 83745:10/1/35:58900
Jon DeLoach:408-253-3122:123 Park St., San Jose, CA 04086:7/25/53:85100
Karen Evich:284-758-2857:23 Edgecliff Place, Lincoln, NB 92743:7/25/53:85100
Karen Evich:284-758-2867:23 Edgecliff Place, Lincoln, NB 92743:11/3/35:58200
Fred Fardbarkle:674-843-1385:20 Parak Lane, Duluth, MN 23850:4/12/23:780900
Lori Gortz:327-832-5728:3465 Mirlo Street, Peabody, MA 34756:10/2/65:35200
Paco Gutierrez:835-365-1284:454 Easy Street, Decatur, IL 75732:2/28/53:123500
Ephram Hardy:293-259-5395:235 CarltonLane, Joliet, IL 73858:8/12/20:56700
James Ikeda:834-938-8376:23445 Aster Ave., Allentown, NJ 83745:12/1/38:45000
Barbara Kertz:385-573-8326:832 Ponce Drive, Gary, IN 83756:12/1/46:268500
Lesley Kirstin:408-456-1234:4 Harvard Square, Boston, MA 02133:4/22/62:52600
William Kopf:846-836-2837:6937 Ware Road, Milton, PA 93756:9/21/46:43500
Sir Lancelot:837-835-8257:474 Camelot Boulevard, Bath, WY 28356:5/13/69:24500
Jesse Neal:408-233-8971:45 Rose Terrace, San Francisco, CA 92303:2/3/36:25000
Zippy Pinhead:834-823-8319:2356 Bizarro Ave., Farmount, IL 84357:1/1/67:89500
Arthur Putie:923-835-8745:23 Wimp Lane, Kensington, DL 38758:8/31/69:126000
Popeye Sailor:156-454-3322:945 Bluto Street, Anywhere, USA 29358:11/14/46:22350
Jose Santiago:385-898-8357:38 Fife Way, Abilene, TX 39673:1/5/58:95600
Tommy Savage:408-724-0140:1222 Oxbow Court, Sunnyvale, CA 94087:5/19/66:34200
Yukio Takeshida:387-827-1095:13 Uno Lane, Ashville, NC 23556:7/1/29:57000
Vinh Tranh:438-910-7449:8235 Maple Street, Wilmington, VM 29085:9/23/63:68900
STEVEN


----------------------------------------------------------------------
Q10: Display lines containing employees who make 6 figures
----------------------------------------------------------------------
sed -n '/^ *$/d' input.txt

----------------------------------------------------------------------
Q11: Insert above the first line with a title: PERSONNEL FILE
----------------------------------------------------------------------
sed '1 i PERSONNEL FILE' input.txt
PERSONNEL FILE
Steve Blenheim:238-923-7366:95 Latham Lane, Easton, PA 83755:11/12/56:20300
Betty Boop:245-836-8357:635 Cutesy Lane, Hollywood, CA 91464:6/23/23:14500
Igor Chevsky:385-375-8395:3567 Populus Place, Caldwell, NJ 23875:6/18/68:23400
Norma Corder:397-857-2735:74 Pine Street, Dearborn, MI 23874:3/28/45:245700
Jennifer Cowan:548-834-2348:583 Laurel Ave., Kingsville, TX 83745:10/1/35:58900
Jon DeLoach:408-253-3122:123 Park St., San Jose, CA 04086:7/25/53:85100
Karen Evich:284-758-2857:23 Edgecliff Place, Lincoln, NB 92743:7/25/53:85100
Karen Evich:284-758-2867:23 Edgecliff Place, Lincoln, NB 92743:11/3/35:58200
Fred Fardbarkle:674-843-1385:20 Parak Lane, Duluth, MN 23850:4/12/23:780900
Lori Gortz:327-832-5728:3465 Mirlo Street, Peabody, MA 34756:10/2/65:35200
Paco Gutierrez:835-365-1284:454 Easy Street, Decatur, IL 75732:2/28/53:123500
Ephram Hardy:293-259-5395:235 CarltonLane, Joliet, IL 73858:8/12/20:56700
James Ikeda:834-938-8376:23445 Aster Ave., Allentown, NJ 83745:12/1/38:45000
Barbara Kertz:385-573-8326:832 Ponce Drive, Gary, IN 83756:12/1/46:268500
Lesley Kirstin:408-456-1234:4 Harvard Square, Boston, MA 02133:4/22/62:52600
William Kopf:846-836-2837:6937 Ware Road, Milton, PA 93756:9/21/46:43500
Sir Lancelot:837-835-8257:474 Camelot Boulevard, Bath, WY 28356:5/13/69:24500
Jesse Neal:408-233-8971:45 Rose Terrace, San Francisco, CA 92303:2/3/36:25000
Zippy Pinhead:834-823-8319:2356 Bizarro Ave., Farmount, IL 84357:1/1/67:89500
Arthur Putie:923-835-8745:23 Wimp Lane, Kensington, DL 38758:8/31/69:126000
Popeye Sailor:156-454-3322:945 Bluto Street, Anywhere, USA 29358:3/19/35:22350
Jose Santiago:385-898-8357:38 Fife Way, Abilene, TX 39673:1/5/58:95600
Tommy Savage:408-724-0140:1222 Oxbow Court, Sunnyvale, CA 94087:5/19/66:34200
Yukio Takeshida:387-827-1095:13 Uno Lane, Ashville, NC 23556:7/1/29:57000
Vinh Tranh:438-910-7449:8235 Maple Street, Wilmington, VM 29085:9/23/63:68900
STEVEN


----------------------------------------------------------------------
Q12: Remove lines where the salaries end in 500
----------------------------------------------------------------------
sed '/:[0-9]*500$/d' input.txt
Steve Blenheim:238-923-7366:95 Latham Lane, Easton, PA 83755:11/12/56:20300
Igor Chevsky:385-375-8395:3567 Populus Place, Caldwell, NJ 23875:6/18/68:23400
Norma Corder:397-857-2735:74 Pine Street, Dearborn, MI 23874:3/28/45:245700
Jennifer Cowan:548-834-2348:583 Laurel Ave., Kingsville, TX 83745:10/1/35:58900
Jon DeLoach:408-253-3122:123 Park St., San Jose, CA 04086:7/25/53:85100
Karen Evich:284-758-2857:23 Edgecliff Place, Lincoln, NB 92743:7/25/53:85100
Karen Evich:284-758-2867:23 Edgecliff Place, Lincoln, NB 92743:11/3/35:58200
Fred Fardbarkle:674-843-1385:20 Parak Lane, Duluth, MN 23850:4/12/23:780900
Lori Gortz:327-832-5728:3465 Mirlo Street, Peabody, MA 34756:10/2/65:35200
Ephram Hardy:293-259-5395:235 CarltonLane, Joliet, IL 73858:8/12/20:56700
James Ikeda:834-938-8376:23445 Aster Ave., Allentown, NJ 83745:12/1/38:45000
Lesley Kirstin:408-456-1234:4 Harvard Square, Boston, MA 02133:4/22/62:52600
Jesse Neal:408-233-8971:45 Rose Terrace, San Francisco, CA 92303:2/3/36:25000
Arthur Putie:923-835-8745:23 Wimp Lane, Kensington, DL 38758:8/31/69:126000
Popeye Sailor:156-454-3322:945 Bluto Street, Anywhere, USA 29358:3/19/35:22350
Jose Santiago:385-898-8357:38 Fife Way, Abilene, TX 39673:1/5/58:95600
Tommy Savage:408-724-0140:1222 Oxbow Court, Sunnyvale, CA 94087:5/19/66:34200
Yukio Takeshida:387-827-1095:13 Uno Lane, Ashville, NC 23556:7/1/29:57000
Vinh Tranh:438-910-7449:8235 Maple Street, Wilmington, VM 29085:9/23/63:68900
STEVEN


----------------------------------------------------------------------
Q13: Append at the end of the file with THE END
----------------------------------------------------------------------
sed '$ a THE END' input.txt
Steve Blenheim:238-923-7366:95 Latham Lane, Easton, PA 83755:11/12/56:20300
Betty Boop:245-836-8357:635 Cutesy Lane, Hollywood, CA 91464:6/23/23:14500
Igor Chevsky:385-375-8395:3567 Populus Place, Caldwell, NJ 23875:6/18/68:23400
Norma Corder:397-857-2735:74 Pine Street, Dearborn, MI 23874:3/28/45:245700
Jennifer Cowan:548-834-2348:583 Laurel Ave., Kingsville, TX 83745:10/1/35:58900
Jon DeLoach:408-253-3122:123 Park St., San Jose, CA 04086:7/25/53:85100
Karen Evich:284-758-2857:23 Edgecliff Place, Lincoln, NB 92743:7/25/53:85100
Karen Evich:284-758-2867:23 Edgecliff Place, Lincoln, NB 92743:11/3/35:58200
Fred Fardbarkle:674-843-1385:20 Parak Lane, Duluth, MN 23850:4/12/23:780900
Lori Gortz:327-832-5728:3465 Mirlo Street, Peabody, MA 34756:10/2/65:35200
Paco Gutierrez:835-365-1284:454 Easy Street, Decatur, IL 75732:2/28/53:123500
Ephram Hardy:293-259-5395:235 CarltonLane, Joliet, IL 73858:8/12/20:56700
James Ikeda:834-938-8376:23445 Aster Ave., Allentown, NJ 83745:12/1/38:45000
Barbara Kertz:385-573-8326:832 Ponce Drive, Gary, IN 83756:12/1/46:268500
Lesley Kirstin:408-456-1234:4 Harvard Square, Boston, MA 02133:4/22/62:52600
William Kopf:846-836-2837:6937 Ware Road, Milton, PA 93756:9/21/46:43500
Sir Lancelot:837-835-8257:474 Camelot Boulevard, Bath, WY 28356:5/13/69:24500
Jesse Neal:408-233-8971:45 Rose Terrace, San Francisco, CA 92303:2/3/36:25000
Zippy Pinhead:834-823-8319:2356 Bizarro Ave., Farmount, IL 84357:1/1/67:89500
Arthur Putie:923-835-8745:23 Wimp Lane, Kensington, DL 38758:8/31/69:126000
Popeye Sailor:156-454-3322:945 Bluto Street, Anywhere, USA 29358:3/19/35:22350
Jose Santiago:385-898-8357:38 Fife Way, Abilene, TX 39673:1/5/58:95600
Tommy Savage:408-724-0140:1222 Oxbow Court, Sunnyvale, CA 94087:5/19/66:34200
Yukio Takeshida:387-827-1095:13 Uno Lane, Ashville, NC 23556:7/1/29:57000
Vinh Tranh:438-910-7449:8235 Maple Street, Wilmington, VM 29085:9/23/63:68900
STEVEN

THE END

----------------------------------------------------------------------
Bonus: swap the first and last name
----------------------------------------------------------------------

uid=30296(jcc0032) gid=10513(csuser) groups=10513(csuser),10068(BUILTIN\users),20498(debugger users)
Linux hawker 3.13.0-62-generic #102-Ubuntu SMP Tue Aug 11 14:29:36 UTC 2015 x86_64 x86_64 x86_64 GNU/Linux
